[pxdraft.com/themeforest/tapsi/index-01-dark.html]
[backblue.gif]
[fade.gif]
[index.html]
[pxdraft.com/themeforest/tapsi/favicon.ico]
[pxdraft.com/themeforest/tapsi/assets/css/style.css]
[pxdraft.com/themeforest/tapsi/assets/colors/color-3.css]
[pxdraft.com/themeforest/tapsi/assets/img/logo.svg]
[pxdraft.com/themeforest/tapsi/assets/img/logo-light.svg]
[pxdraft.com/themeforest/tapsi/assets/img/mask.jpg]
[pxdraft.com/themeforest/tapsi/assets/img/home-banner.jpg]
[pxdraft.com/themeforest/tapsi/assets/img/about-banner.jpg]
[pxdraft.com/themeforest/tapsi/assets/img/project-1.jpg]
[pxdraft.com/themeforest/tapsi/assets/img/project-2.jpg]
[pxdraft.com/themeforest/tapsi/assets/img/project-3.jpg]
[pxdraft.com/themeforest/tapsi/assets/img/project-4.jpg]
[pxdraft.com/themeforest/tapsi/assets/img/project-5.jpg]
[pxdraft.com/themeforest/tapsi/assets/img/project-6.jpg]
[pxdraft.com/themeforest/tapsi/assets/img/avatar-1.jpg]
[pxdraft.com/themeforest/tapsi/assets/img/avatar-2.jpg]
[pxdraft.com/themeforest/tapsi/assets/img/avatar-3.jpg]
[pxdraft.com/themeforest/tapsi/assets/js/jquery-3.5.1.min.js]
[pxdraft.com/themeforest/tapsi/assets/vendor/appear/jquery.appear.js]
[pxdraft.com/themeforest/tapsi/assets/vendor/bootstrap/js/bootstrap.bundle.min.js]
[pxdraft.com/themeforest/tapsi/assets/vendor/one-page/scrollIt.min.js]
[pxdraft.com/themeforest/tapsi/assets/js/custom.js]
[pxdraft.com/themeforest/tapsi/index-01-dark.html]
[pxdraft.com/themeforest/tapsi/assets/vendor/bootstrap/css/bootstrap.min.css]
[pxdraft.com/themeforest/tapsi/assets/vendor/bootstrap/icons/bootstrap-icons.css]
[pxdraft.com/themeforest/tapsi/assets/vendor/owl-carousel/css/owl.carousel.min.css]
[pxdraft.com/themeforest/tapsi/assets/vendor/magnific/magnific-popup.css]
[pxdraft.com/themeforest/tapsi/assets/css/style.css]
[pxdraft.com/themeforest/tapsi/assets/colors/color-3.css]
[pxdraft.com/themeforest/tapsi/assets/img/logo.svg]
[pxdraft.com/themeforest/tapsi/assets/img/logo-light.svg]
[pxdraft.com/themeforest/tapsi/assets/js/jquery-3.5.1.min.js]
[pxdraft.com/themeforest/tapsi/assets/vendor/appear/jquery.appear.js]
[pxdraft.com/themeforest/tapsi/assets/vendor/bootstrap/js/bootstrap.bundle.min.js]
[pxdraft.com/themeforest/tapsi/assets/vendor/one-page/scrollIt.min.js]
[pxdraft.com/themeforest/tapsi/assets/js/custom.js]
[pxdraft.com/themeforest/tapsi/assets/vendor/bootstrap/css/bootstrap.min.css]
[pxdraft.com/themeforest/tapsi/assets/vendor/font-awesome/css/all.min.css]
[pxdraft.com/themeforest/tapsi/assets/vendor/bootstrap/icons/bootstrap-icons.css]
[pxdraft.com/themeforest/tapsi/assets/vendor/bootstrap/icons/fonts/bootstrap-iconse36a.woff2]
[pxdraft.com/themeforest/tapsi/assets/vendor/bootstrap/icons/fonts/bootstrap-iconse36a.woff]
[www.pxdraft.com/themeforest/tapsi/assets/vendor/owl-carousel/css/owl.video.play.1f.delayed]
[pxdraft.com/themeforest/tapsi/assets/vendor/owl-carousel/css/owl.carousel.min.css]
[pxdraft.com/themeforest/tapsi/assets/vendor/magnific/magnific-popup.css]
[pxdraft.com/themeforest/tapsi/assets/vendor/font-awesome/webfonts/fa-brands-400.woff2]
[pxdraft.com/themeforest/tapsi/assets/vendor/font-awesome/webfonts/fa-brands-400.ttf]
[pxdraft.com/themeforest/tapsi/assets/vendor/font-awesome/webfonts/fa-regular-400.woff2]
[pxdraft.com/themeforest/tapsi/assets/vendor/font-awesome/webfonts/fa-regular-400.ttf]
[pxdraft.com/themeforest/tapsi/assets/vendor/font-awesome/webfonts/fa-solid-900.woff2]
[pxdraft.com/themeforest/tapsi/assets/vendor/font-awesome/webfonts/fa-v4compatibility.woff2]
[pxdraft.com/themeforest/tapsi/assets/vendor/font-awesome/webfonts/fa-solid-900.ttf]
[pxdraft.com/themeforest/tapsi/assets/vendor/font-awesome/webfonts/fa-v4compatibility.ttf]
[pxdraft.com/themeforest/tapsi/assets/vendor/font-awesome/css/all.min.css]
[pxdraft.com/themeforest/tapsi/assets/vendor/index.html]
[www.pxdraft.com/themeforest/tapsi/assets/vendor/owl-carousel/css/owl.video.play.html]
